0
1
2
4
536870912
1073741824
-1
-2
-4
-536870912
-1073741824
-2147483648

1
0
0
0
0
-1
0
0
0
0
0


0
2147483647
-2
-4
-536870912
-1073741824
-2147483647
2
4
536870912
1073741824
-2147483648

2147483647
1073741823
536870911
3
1
-2147483647
-1073741823
-536870911
-3
-1
0


0
1073741825
-2147483646
4
536870912
1073741824
-1073741825
2147483646
-4
-536870912
-1073741824
-2147483648

1073741825
536870912
268435456
2
1
-1073741825
-536870912
-268435456
-2
-1
0


0
-1
-2
-4
-536870912
-1073741824
1
2
4
536870912
1073741824
-2147483648

-1
0
0
0
0
1
0
0
0
0
0


0
-2147483648
0
0
0
0
-2147483648
0
0
0
0
0

-2147483648
-1073741824
-536870912
-4
-2
-2147483648
1073741824
536870912
4
2
1


0
-2147483647
2
4
536870912
1073741824
2147483647
-2
-4
-536870912
-1073741824
-2147483648

-2147483647
-1073741823
-536870911
-3
-1
2147483647
1073741823
536870911
3
1
0
