---------- Test 0
1
2
3
4
5
6
---------- Test 1
2
3
1
----- Sep: 1
1
1
2
3
4
5
6
7
8
9
----- Sep: 2
2
4
5
6
7
8
9
1
2
3
----- Sep: 3
3
7
8
9
1
2
3
4
5
6
----- Sep: 4
4
1
2
3
4
5
6
7
8
9
----- Sep: 5
5
57
72
87
93
117
141
21
27
33
----- Sep: 6
6
102
126
150
30
36
42
66
81
96
----- Sep: 7
7
21
27
33
57
72
87
93
117
141
----- Sep: 8
8
14
32
50
----- Sep: 9
9
32
50
14
----- Sep: 10
10
50
14
32
----- Sep: 11
11
14
32
50
---------- Test 2
2
3
1
----- Sep: 1
1
1
2
3
4
5
6
7
8
9
----- Sep: 2
2
3
6
9
1
4
7
2
5
8
----- Sep: 3
3
9
7
8
3
1
2
6
4
5
----- Sep: 4
4
8
2
5
9
3
6
7
1
4
----- Sep: 5
5
50
14
32
122
32
77
194
50
122
----- Sep: 6
6
108
126
90
78
90
66
93
108
78
----- Sep: 7
7
141
93
117
33
21
27
87
57
72
----- Sep: 8
8
14
32
50
----- Sep: 9
9
42
30
36
----- Sep: 10
10
47
11
29
----- Sep: 11
11
27
33
21